<?xml version="1.0" encoding="UTF-8"?>
<robot generator="Robot 6.0.1 (Python 3.10.4 on win32)" generated="20221219 12:27:02.501" rpa="false" schemaversion="3">
<suite id="s1" name="Demo" source="E:\development\robot-scripts\Scripts\pythonProject-2\Tests\demo.robot">
<test id="s1-t1" name="Basic WebSite Functionality Testing" line="13">
<kw name="Open" library="Common" type="SETUP">
<kw name="Open Browser" library="SeleniumLibrary">
<arg>about:blank</arg>
<arg>${BROWSER}</arg>
<doc>Opens a new browser instance to the optional ``url``.</doc>
<msg timestamp="20221219 12:27:02.784" level="INFO">Opening browser 'chrome' to base url 'about:blank'.</msg>
<status status="PASS" starttime="20221219 12:27:02.783" endtime="20221219 12:27:05.023"/>
</kw>
<kw name="Maximize Browser Window" library="SeleniumLibrary">
<doc>Maximizes current browser window.</doc>
<status status="PASS" starttime="20221219 12:27:05.023" endtime="20221219 12:27:05.137"/>
</kw>
<status status="PASS" starttime="20221219 12:27:02.783" endtime="20221219 12:27:05.137"/>
</kw>
<kw name="Open Website" library="WebSiteActions">
<kw name="Load" library="LoadLandingPage">
<kw name="Go To" library="SeleniumLibrary">
<arg>https://automationplayground.com/crm/</arg>
<doc>Navigates the current browser window to the provided ``url``.</doc>
<msg timestamp="20221219 12:27:05.139" level="INFO">Opening url 'https://automationplayground.com/crm/'</msg>
<status status="PASS" starttime="20221219 12:27:05.139" endtime="20221219 12:27:05.974"/>
</kw>
<status status="PASS" starttime="20221219 12:27:05.138" endtime="20221219 12:27:05.975"/>
</kw>
<kw name="Verify Page Loaded" library="LoadLandingPage">
<kw name="Wait Until Page Contains" library="SeleniumLibrary">
<arg>Customers Are Priority One!</arg>
<doc>Waits until ``text`` appears on the current page.</doc>
<status status="PASS" starttime="20221219 12:27:05.975" endtime="20221219 12:27:05.993"/>
</kw>
<status status="PASS" starttime="20221219 12:27:05.975" endtime="20221219 12:27:05.993"/>
</kw>
<status status="PASS" starttime="20221219 12:27:05.138" endtime="20221219 12:27:05.993"/>
</kw>
<kw name="Open Login Page" library="WebSiteActions">
<kw name="Open Login Page" library="Login">
<kw name="Click Link" library="SeleniumLibrary">
<arg>login.html</arg>
<doc>Clicks a link identified by ``locator``.</doc>
<msg timestamp="20221219 12:27:05.995" level="INFO">Clicking link 'login.html'.</msg>
<status status="PASS" starttime="20221219 12:27:05.995" endtime="20221219 12:27:06.145"/>
</kw>
<kw name="Page Should Contain" library="SeleniumLibrary">
<arg>Login</arg>
<doc>Verifies that current page contains ``text``.</doc>
<msg timestamp="20221219 12:27:06.166" level="INFO">Current page contains text 'Login'.</msg>
<status status="PASS" starttime="20221219 12:27:06.145" endtime="20221219 12:27:06.166"/>
</kw>
<status status="PASS" starttime="20221219 12:27:05.994" endtime="20221219 12:27:06.166"/>
</kw>
<status status="PASS" starttime="20221219 12:27:05.994" endtime="20221219 12:27:06.166"/>
</kw>
<kw name="Login with invalid credentials" library="WebSiteActions">
<kw name="Login with invalid credentials" library="TestInvalidLogin">
<kw name="Input Text" library="SeleniumLibrary">
<arg>id=email-id</arg>
<arg>test</arg>
<doc>Types the given ``text`` into the text field identified by ``locator``.</doc>
<msg timestamp="20221219 12:27:06.170" level="INFO">Typing text 'test' into text field 'id=email-id'.</msg>
<status status="PASS" starttime="20221219 12:27:06.168" endtime="20221219 12:27:06.253"/>
</kw>
<kw name="Input Text" library="SeleniumLibrary">
<arg>id=password</arg>
<arg>1234</arg>
<doc>Types the given ``text`` into the text field identified by ``locator``.</doc>
<msg timestamp="20221219 12:27:06.254" level="INFO">Typing text '1234' into text field 'id=password'.</msg>
<status status="PASS" starttime="20221219 12:27:06.253" endtime="20221219 12:27:06.339"/>
</kw>
<kw name="Click Button" library="SeleniumLibrary">
<arg>id=submit-id</arg>
<doc>Clicks the button identified by ``locator``.</doc>
<msg timestamp="20221219 12:27:06.340" level="INFO">Clicking button 'id=submit-id'.</msg>
<status status="PASS" starttime="20221219 12:27:06.340" endtime="20221219 12:27:06.409"/>
</kw>
<kw name="Page Should Contain" library="SeleniumLibrary">
<arg>Login</arg>
<doc>Verifies that current page contains ``text``.</doc>
<msg timestamp="20221219 12:27:06.421" level="INFO">Current page contains text 'Login'.</msg>
<status status="PASS" starttime="20221219 12:27:06.410" endtime="20221219 12:27:06.421"/>
</kw>
<status status="PASS" starttime="20221219 12:27:06.167" endtime="20221219 12:27:06.421"/>
</kw>
<status status="PASS" starttime="20221219 12:27:06.167" endtime="20221219 12:27:06.421"/>
</kw>
<kw name="Login with Valid Credentials" library="WebSiteActions">
<kw name="Login with Valid Credentials" library="TestValidLogin">
<kw name="Input Text" library="SeleniumLibrary">
<arg>id=email-id</arg>
<arg>admin@robotframeworktutorial.com</arg>
<doc>Types the given ``text`` into the text field identified by ``locator``.</doc>
<msg timestamp="20221219 12:27:06.423" level="INFO">Typing text 'admin@robotframeworktutorial.com' into text field 'id=email-id'.</msg>
<status status="PASS" starttime="20221219 12:27:06.422" endtime="20221219 12:27:06.494"/>
</kw>
<kw name="Input Text" library="SeleniumLibrary">
<arg>id=password</arg>
<arg>qwe</arg>
<doc>Types the given ``text`` into the text field identified by ``locator``.</doc>
<msg timestamp="20221219 12:27:06.494" level="INFO">Typing text 'qwe' into text field 'id=password'.</msg>
<status status="PASS" starttime="20221219 12:27:06.494" endtime="20221219 12:27:06.548"/>
</kw>
<kw name="Click Button" library="SeleniumLibrary">
<arg>id=submit-id</arg>
<doc>Clicks the button identified by ``locator``.</doc>
<msg timestamp="20221219 12:27:06.548" level="INFO">Clicking button 'id=submit-id'.</msg>
<status status="PASS" starttime="20221219 12:27:06.548" endtime="20221219 12:27:06.837"/>
</kw>
<kw name="Wait Until Page Contains" library="SeleniumLibrary">
<arg>Our Happy Customers</arg>
<doc>Waits until ``text`` appears on the current page.</doc>
<status status="PASS" starttime="20221219 12:27:06.838" endtime="20221219 12:27:06.852"/>
</kw>
<status status="PASS" starttime="20221219 12:27:06.422" endtime="20221219 12:27:06.852"/>
</kw>
<status status="PASS" starttime="20221219 12:27:06.422" endtime="20221219 12:27:06.852"/>
</kw>
<kw name="Load Add new customer Page" library="WebSiteActions">
<kw name="Load Add new Record Page" library="LoadAddNewRecordPage">
<kw name="Click Link" library="SeleniumLibrary">
<arg>id=new-customer</arg>
<doc>Clicks a link identified by ``locator``.</doc>
<msg timestamp="20221219 12:27:06.855" level="INFO">Clicking link 'id=new-customer'.</msg>
<status status="PASS" starttime="20221219 12:27:06.854" endtime="20221219 12:27:07.105"/>
</kw>
<kw name="Wait Until Page Contains" library="SeleniumLibrary">
<arg>Add Customer</arg>
<doc>Waits until ``text`` appears on the current page.</doc>
<status status="PASS" starttime="20221219 12:27:07.105" endtime="20221219 12:27:07.122"/>
</kw>
<status status="PASS" starttime="20221219 12:27:06.853" endtime="20221219 12:27:07.123"/>
</kw>
<status status="PASS" starttime="20221219 12:27:06.853" endtime="20221219 12:27:07.123"/>
</kw>
<kw name="Add new Customer to datafile" library="WebSiteActions">
<kw name="Add New" library="NewRecord">
<kw name="Input Text" library="SeleniumLibrary">
<arg>id=EmailAddress</arg>
<arg>email@email</arg>
<doc>Types the given ``text`` into the text field identified by ``locator``.</doc>
<msg timestamp="20221219 12:27:07.124" level="INFO">Typing text 'email@email' into text field 'id=EmailAddress'.</msg>
<status status="PASS" starttime="20221219 12:27:07.124" endtime="20221219 12:27:07.208"/>
</kw>
<kw name="Input Text" library="SeleniumLibrary">
<arg>id=FirstName</arg>
<arg>firstName</arg>
<doc>Types the given ``text`` into the text field identified by ``locator``.</doc>
<msg timestamp="20221219 12:27:07.209" level="INFO">Typing text 'firstName' into text field 'id=FirstName'.</msg>
<status status="PASS" starttime="20221219 12:27:07.209" endtime="20221219 12:27:07.317"/>
</kw>
<kw name="Input Text" library="SeleniumLibrary">
<arg>id=LastName</arg>
<arg>lastName</arg>
<doc>Types the given ``text`` into the text field identified by ``locator``.</doc>
<msg timestamp="20221219 12:27:07.318" level="INFO">Typing text 'lastName' into text field 'id=LastName'.</msg>
<status status="PASS" starttime="20221219 12:27:07.317" endtime="20221219 12:27:07.416"/>
</kw>
<kw name="Input Text" library="SeleniumLibrary">
<arg>id=City</arg>
<arg>Dallas</arg>
<doc>Types the given ``text`` into the text field identified by ``locator``.</doc>
<msg timestamp="20221219 12:27:07.417" level="INFO">Typing text 'Dallas' into text field 'id=City'.</msg>
<status status="PASS" starttime="20221219 12:27:07.416" endtime="20221219 12:27:07.562"/>
</kw>
<kw name="Select From List By Value" library="SeleniumLibrary">
<arg>id=StateOrRegion</arg>
<arg>TX</arg>
<doc>Selects options from selection list ``locator`` by ``values``.</doc>
<msg timestamp="20221219 12:27:07.563" level="INFO">Selecting options from selection list 'id=StateOrRegion' by value TX.</msg>
<status status="PASS" starttime="20221219 12:27:07.562" endtime="20221219 12:27:07.625"/>
</kw>
<kw name="Select Radio Button" library="SeleniumLibrary">
<arg>gender</arg>
<arg>male</arg>
<doc>Sets the radio button group ``group_name`` to ``value``.</doc>
<msg timestamp="20221219 12:27:07.626" level="INFO">Selecting 'male' from radio button 'gender'.</msg>
<status status="PASS" starttime="20221219 12:27:07.626" endtime="20221219 12:27:07.748"/>
</kw>
<kw name="Select Checkbox" library="SeleniumLibrary">
<arg>name=promos-name</arg>
<doc>Selects the checkbox identified by ``locator``.</doc>
<msg timestamp="20221219 12:27:07.750" level="INFO">Selecting checkbox 'name=promos-name'.</msg>
<status status="PASS" starttime="20221219 12:27:07.748" endtime="20221219 12:27:07.901"/>
</kw>
<kw name="Click Button" library="SeleniumLibrary">
<arg>Submit</arg>
<doc>Clicks the button identified by ``locator``.</doc>
<msg timestamp="20221219 12:27:07.903" level="INFO">Clicking button 'Submit'.</msg>
<status status="PASS" starttime="20221219 12:27:07.901" endtime="20221219 12:27:08.110"/>
</kw>
<kw name="Wait Until Page Contains" library="SeleniumLibrary">
<arg>Success! New customer added.</arg>
<doc>Waits until ``text`` appears on the current page.</doc>
<status status="PASS" starttime="20221219 12:27:08.110" endtime="20221219 12:27:08.126"/>
</kw>
<status status="PASS" starttime="20221219 12:27:07.124" endtime="20221219 12:27:08.126"/>
</kw>
<status status="PASS" starttime="20221219 12:27:07.123" endtime="20221219 12:27:08.126"/>
</kw>
<kw name="Logout of Website" library="WebSiteActions">
<kw name="Logout" library="Logout">
<kw name="Click Link" library="SeleniumLibrary">
<arg>sign-out.html</arg>
<doc>Clicks a link identified by ``locator``.</doc>
<msg timestamp="20221219 12:27:08.128" level="INFO">Clicking link 'sign-out.html'.</msg>
<status status="PASS" starttime="20221219 12:27:08.127" endtime="20221219 12:27:08.254"/>
</kw>
<kw name="Wait Until Page Contains" library="SeleniumLibrary">
<arg>Signed Out</arg>
<doc>Waits until ``text`` appears on the current page.</doc>
<status status="PASS" starttime="20221219 12:27:08.255" endtime="20221219 12:27:08.272"/>
</kw>
<status status="PASS" starttime="20221219 12:27:08.127" endtime="20221219 12:27:08.273"/>
</kw>
<status status="PASS" starttime="20221219 12:27:08.127" endtime="20221219 12:27:08.273"/>
</kw>
<kw name="Close" library="Common" type="TEARDOWN">
<kw name="Close Browser" library="SeleniumLibrary">
<doc>Closes the current browser.</doc>
<status status="PASS" starttime="20221219 12:27:08.273" endtime="20221219 12:27:10.346"/>
</kw>
<status status="PASS" starttime="20221219 12:27:08.273" endtime="20221219 12:27:10.346"/>
</kw>
<doc>Basic Website Testing to build out functionality</doc>
<status status="PASS" starttime="20221219 12:27:02.783" endtime="20221219 12:27:10.347"/>
</test>
<status status="PASS" starttime="20221219 12:27:02.502" endtime="20221219 12:27:10.350"/>
</suite>
<statistics>
<total>
<stat pass="1" fail="0" skip="0">All Tests</stat>
</total>
<tag>
</tag>
<suite>
<stat pass="1" fail="0" skip="0" id="s1" name="Demo">Demo</stat>
</suite>
</statistics>
<errors>
</errors>
</robot>
